MAKE Version 3.6  Copyright (c) 1992 Borland International

Available memory 15350336 bytes

	BCC -f- -c -C -ml -1 -P -O2 -I..\drv /c charedit.c
Borland C++  Version 3.1 Copyright (c) 1992 Borland International
charedit.c:
Warning gmgen.h 92: Functions containing for are not expanded inline
Warning charedit.c 230: Parameter 'argc' is never used in function main(int,char * *)
Warning charedit.c 230: Parameter 'argv' is never used in function main(int,char * *)

	Available memory 3748636
	BCC -f- -c -C -ml -1 -P -O2 -I..\drv /c soundc.c
Borland C++  Version 3.1 Copyright (c) 1992 Borland International
soundc.c:
Warning gmgen.h 92: Functions containing for are not expanded inline
Warning soundc.c 53: 'soundpointer' is assigned a value that is never used in function DetectCard(enum *,unsigned int *,unsigned int *,char *)
Error soundc.c 241: Undefined symbol 'mov' in function StopSound()
Error soundc.c 241: Statement missing ; in function StopSound()
Error soundc.c 247: Declaration syntax error in function StopSound()
Error soundc.c 383: Declaration missing ; in function StopSound()
Error soundc.c 383: Compound statement missing } in function StopSound()
*** 5 errors in Compile ***

	Available memory 4078240

** error 1 ** deleting soundc.obj
