MAKE Version 3.6  Copyright (c) 1992 Borland International

Available memory 15350336 bytes

	BCC -f- -c -C -ml -1 -P -O2 -I..\drv /c utility.c
Borland C++  Version 3.1 Copyright (c) 1992 Borland International
utility.c:
Warning gmgen.h 92: Functions containing for are not expanded inline
Warning grator.h 74: Functions containing for are not expanded inline
Warning grator.h 182: Functions containing for are not expanded inline
Warning grator.h 203: Functions containing for are not expanded inline

	Available memory 3987816
	BCC -f- -c -C -ml -1 -P -O2 -I..\drv /c jstickc.c
Borland C++  Version 3.1 Copyright (c) 1992 Borland International
jstickc.c:

	Available memory 4078420
	TASM  /ml/jP286N/m2 oldmouse.asm
Turbo Assembler  Version 3.1  Copyright (c) 1988, 1992 Borland International

Assembling file:   oldmouse.asm
*Warning* oldmouse.asm(87) Pointer expression needs brackets
Error messages:    None
Warning messages:  1
Passes:            1
Remaining memory:  418k

	TASM  /ml/jP286N/m2 gma.asm
Turbo Assembler  Version 3.1  Copyright (c) 1988, 1992 Borland International

Assembling file:   gma.asm
Error messages:    None
Warning messages:  None
Passes:            1
Remaining memory:  424k

	tlink /s/c @utility.lnk
Turbo Link  Version 5.1 Copyright (c) 1992 Borland International
